make.exe all --print-data-base --no-builtin-variables --no-builtin-rules --question
make: *** No rule to make target 'all'.  Stop.
 
# GNU Make 4.3
# Built for Windows32
# Copyright (C) 1988-2020 Free Software Foundation, Inc.
# License GPLv3+: GNU GPL version 3 or later <http://gnu.org/licenses/gpl.html>
# This is free software: you are free to change and redistribute it.
# There is NO WARRANTY, to the extent permitted by law.

# Make data base, printed on Mon Jul 12 16:07:48 2021

# Variables

# environment
SYSTEMDRIVE = C:
# makefile (from 'Makefile', line 26)
OBJ = alg_gfx.o alg_main.o docked.o elite.o intro.o planet.o shipdata.o shipface.o sound.o space.o swat.o threed.o vector.o random.o trade.o options.o stars.o missions.o pilot.o file.o keyboard.o bitmap.o font.o
# environment
LC_ALL = C
# environment
OCULUSBASE = C:\Program Files\Oculus\
# environment
USERPROFILE = C:\Users\dudle
# environment
LOCALAPPDATA = C:\Users\dudle\AppData\Local
# environment
VSCODE_IPC_HOOK_EXTHOST = \\.\pipe\vscode-ipc-a7dc18d1-8ea5-407e-8d04-77dd610bfbe2-sock
# environment
VSCODE_CWD = C:\Users\dudle\AppData\Local\Programs\Microsoft VS Code
# environment
CHOCOLATEYINSTALL = C:\ProgramData\chocolatey
# environment
SYSTEMROOT = C:\WINDOWS
# environment
PROCESSOR_LEVEL = 23
# environment
PSMODULEPATH = C:\Program Files\WindowsPowerShell\Modules;C:\WINDOWS\system32\WindowsPowerShell\v1.0\Modules
# default
MAKE_COMMAND := C:/ProgramData/chocolatey/lib/make/tools/install/bin/make.exe
# automatic
@D = $(patsubst %/,%,$(patsubst %\,%,$(dir $@)))
# environment
CHROME_CRASHPAD_PIPE_NAME = \\.\pipe\crashpad_20904_CGARJJGZYMSBTOJE
# environment
VSCODE_BROWSER_CODE_LOADING = bypassHeatCheck
# environment
VSCODE_HANDLES_UNCAUGHT_ERRORS = true
# default
.VARIABLES := 
# automatic
%D = $(patsubst %/,%,$(patsubst %\,%,$(dir $%)))
# automatic
^D = $(patsubst %/,%,$(patsubst %\,%,$(dir $^)))
# environment
VSCODE_LOG_STACK = false
# automatic
%F = $(notdir $%)
# envir 
onment
VSCODE_CODE_CACHE_PATH = C:\Users\dudle\AppData\Roaming\Code\CachedData\2d23c42a936db1c7b3b06f918cde29561cc47cd6
# environment
LANG = C
# default
.LOADED := 
# environment
TMP = C:\Users\dudle\AppData\Local\Temp
# default
.INCLUDE_DIRS = .
# environment
PROCESSOR_ARCHITEW6432 = AMD64
# makefile
MAKEFLAGS = pqrR
# environment
ONEDRIVE = C:\Users\dudle\OneDrive
# makefile
CURDIR := d:/Beeb/elite_newkind
# environment
VSCODE_PIPE_LOGGING = true
# environment
APPLICATION_INSIGHTS_NO_DIAGNOSTIC_CHANNEL = true
# automatic
*D = $(patsubst %/,%,$(patsubst %\,%,$(dir $*)))
# environment
PROGRAMFILES = C:\Program Files (x86)
# environment
MFLAGS = -pqrR
# default
.SHELLFLAGS := -c
# environment
COMMONPROGRAMW6432 = C:\Program Files\Common Files
# automatic
+D = $(patsubst %/,%,$(patsubst %\,%,$(dir $+)))
# makefile (from 'Makefile', line 1)
MAKEFILE_LIST := Makefile
# automatic
@F = $(notdir $@)
# environment
VSCODE_VERBOSE_LOGGING = true
# environment
VSCODE_PID = 20904
# automatic
?D = $(patsubst %/,%,$(patsubst %\,%,$(dir $?)))
# automatic
*F = $(notdir $*)
# makefile (from 'Makefile', line 36)
LIB = -lc -lm
# automatic
<D = $(patsubst %/,%,$(patsubst %\,%,$(dir $<)))
# makefile (from 'Makefile', line 31)
EXEC = newkind
# environment
VSCODE_NLS_CONFIG = {"locale":"en-gb","availableLanguages":{},"_languagePackSupport":true}
# environment
ONEDRIVECONSUMER = C:\Users\dudle\OneDrive
# default
MAKE_HOST := Windows32
# environment
PROGRAMDATA = C:\ProgramData
# default
SHELL := C:/Program Files/Git/usr/bin/sh.exe
# environment
HOMEPATH = \Users\dudle
# default
MAKECMDGOALS := all
# environment
DRIVERDATA = C:\Windows\System32\Drivers\DriverData
# environment
COMSPEC = C:\WINDOWS\system32\cmd.exe
# environment
PICO_SDK_PATH = D:\projects\pico-sdk
# environment
WINDIR = C:\WINDOWS
# environment
MAKELEVEL := 0
# default
MAKE = $(MAKE_COMMAND)
# environment
PATH = C:\Program Files (x86)\Common Files\Oracle\Java\javapath;C:\Program Files\ImageMagick-7.0.10-Q16-HDRI;C:\Program Files\Oculus\Support\oculus-runtime;C:\Python39\Scripts\;C:\Python39\;C:\Windows\system32;C:\Windows;C:\Windows\System32\Wbem;C:\Windows\System32\WindowsPowerShell\v1.0\;C:\Windows\System32\OpenSSH\;C:\ProgramData\chocolatey\bin;C:\Program Files (x86)\NVIDIA Corporation\PhysX\Common;C:\Program Files\NVIDIA Corporation\NVIDIA NvDLISR;C:\Program Files\nodejs\;c:\cygwin64\bin;C:\Program Files\Git\cmd;C:\Program Files\Git\mingw64\bin;C:\Program Files\Git\usr\bin;C:\Program Files\CodeAndWeb\TexturePacker\bin;C:\Program Files (x86)\QuickTime\QTSystem\;C:\Program Files\CMake\bin;C:\Program Files\Git LFS;C:\Program Files\PuTTY\;C:\Program Files\doxygen\bin;;C:\WINDOWS\system32;C:\WINDOWS;C:\WINDOWS\System32\Wbem;C:\WINDOWS\System32\WindowsPowerShell\v1.0\;C:\WINDOWS\System32\OpenSSH\;C:\Program Files (x86)\GNU Arm Embedded Toolchain\10 2020-q4-major\bin;C:\Users\dudle\AppData\Local\Microsoft\WindowsApps;C:\Users\dudle\AppData\Local\Programs\Microsoft VS Code\bin;C:\Users\dudle\AppData\Roaming\npm;D:\gbdk\bin;D:\Beeb\vbcc\bin;
# environment
COMPUTERNAME = DESKTOP-5ATHJNK
# default
MAKEFILES := 
# automatic
^F = $(notdir $^)
# environment
PROMPT = $P$G
# environment
CHOCOLATEYLASTPATHUPDATE = 132597662206590976
# environment
LOGONSERVER = \\DESKTOP-5ATHJNK
# environment
VSCODE_LOG_NATIVE = false
# environment
USERNAME = dudle
# environment
COMMONPROGRAMFILES = C:\Program Files (x86)\Common Files
# automatic
?F = $(notdir $?)
# environment
PROGRAMW6432 = C:\Program Files
# makefile (from 'Makefile', line 34)
BEEB_OBJ = armc-start.o armtubeio.o armtubeswis.o beebScreen/ 
beebScreen.o
# environment
PATHEXT = .COM;.EXE;.BAT;.CMD;.VBS;.VBE;.JS;.JSE;.WSF;.WSH;.MSC;.PY;.PYW
# automatic
+F = $(notdir $+)
# environment
ORIGINAL_XDG_CURRENT_DESKTOP = undefined
# environment
USERDOMAIN = DESKTOP-5ATHJNK
# 'override' directive
GNUMAKEFLAGS := 
# environment
GIT_LFS_PATH = C:\Program Files\Git LFS
# environment
OS = Windows_NT
# environment
__COMPAT_LAYER = DetectorsShimLog
# makefile
.DEFAULT_GOAL := tnk
# makefile (from 'Makefile', line 6)
RM = rm
# makefile (from 'Makefile', line 7)
ECHO = echo
# default
MAKE_VERSION := 4.3
# environment
VBCC = D:\Beeb\vbcc
# environment
PROGRAMFILES(X86) = C:\Program Files (x86)
# environment
USERDOMAIN_ROAMINGPROFILE = DESKTOP-5ATHJNK
# environment
NUMBER_OF_PROCESSORS = 12
# environment
PUBLIC = C:\Users\Public
# environment
ZGB_PATH = d:\ZGB_master\common
# environment
APPDATA = C:\Users\dudle\AppData\Roaming
# makefile (from 'Makefile', line 17)
CFLAGS := -nostartfiles -O2 -mcpu=arm7tdmi -mtune=arm7tdmi -fno-delete-null-pointer-checks -fdata-sections -ffunction-sections --specs=nano.specs --specs=nosys.specs -u _printf_float
# environment
HOMEDRIVE = C:
# environment
PROCESSOR_ARCHITECTURE = x86
# environment
VSCODE_AMD_ENTRYPOINT = vs/workbench/services/extensions/node/extensionHostProcess
# environment
COMMONPROGRAMFILES(X86) = C:\Program Files (x86)\Common Files
# environment
ELECTRON_RUN_AS_NODE = 1
# makefile (from 'Makefile', line 10)
TEMP = temp
# environment
VSCODE_IPC_HOOK = \\.\pipe\c92adc0de03cace00f1934fa490e8cc4-1.58.0-main-sock
# default
.RECIPEPREFIX := 
# automatic
<F = $(notdir $<)
# environment
CWRSYNC_HOME = C:\ProgramData\chocolatey\lib\rsync\cwrsync_5.5.0_x86_free
# default
SUFFIXES := 
# environment
ALLUSERSPROFILE = C:\ProgramData
# makefile (from 'Makefile', line 4)
LD = arm-none-eabi-gcc
# makefile (from 'Makefile', line 11)
TARGET = tnk
# environment
SESSIONNAME = Console
# default
.FEATURES := target-specific order-only second-expansion else-if shortest-stem undefine oneshell nocomment grouped-target extra-prereqs archives jobserver output-sync load
# environment
PROCESSOR_REVISION = 7100
# makefile (from 'Makefile', line 3)
CC = arm-none-eabi-gcc
# makefile (from 'Makefile', line 5)
OBJCOPY = arm-none-eabi-objcopy
# makefile (from 'Makefile', line 23)
LD_FLAGS := -Wl,--gc-sections -Wl,--no-print-gc-sections -Wl,-T,rpi.X -Wl,-lm
# environment
PROCESSOR_IDENTIFIER = AMD64 Family 23 Model 113 Stepping 0, AuthenticAMD
# variable set hash-table stats:
# Load=115/1024=11%, Rehash=0, Collisions=15/147=10%

# Pattern-specific Variable Values

# No pattern-specific variable values.

# Directories

# . (key d:/Beeb/elite_newkind, mtime 1625656167): 130 files, no impossibilities.

# 130 files, no impossibilities in 1 directories.

# Implicit Rules

%.d: %.c
#  recipe to execute (from 'Makefile', line 71):
	$(CC) -M -MG $(DEPFLAGS) $< | sed -e 's@ /[^ ]*@@g' -e 's@^\(.*\)\.o:@\1.d \1.o:@' > $@

%.o: %.c
#  recipe to execute (from 'Makefile', line 76):
	$(CC) $(CFLAGS) -c $< -o $@

%.o: %.s
#  recipe to execute (from 'Makefile', line 79):
	$(CC) $(CFLAGS) -c $< -o $@
	

# 3 implicit rules, 0 (0.0%) terminal.
# Files

# Not a target:
stars.o:
#  Implicit rule search has not been done.
#  Modification time never checked.
#  File has not been updated.

# Not a target:
intro.o:
#  Implicit rule search has not been done.
#  Modification time never checked.
#  File has not been updated.

# Not a target:
armc-start.o:
#  Implicit rule search has not been done.
#  Modification time never checked.
#  File has not been updated.

# Not a target:
sound.o:
#  Implicit rule search has not been done.
#  Modification time never checked.
#  File has not been updated.

# Not a target:
swat.o:
#  Implicit rule search has not been done.
#  Modification time never checked.
#  File has not been updated.

# Not a target:
alg_gfx.o:
#  Implicit rule search has not been done.
#  Modification time never checked.
#  File has not been updated.

depclean:
#  Implicit rule search has not been done.
#  Modification time never checked.
#  File has not been updated.
#  recipe to execute (from 'Makefile', line 68):
	$(RM) $(OBJ:.o=.d)

# Not a target:
Makefile:
#  Implicit rule search has been done.
#  Last modified 2021-06-28 16:10:00
#  File has been updated.
#  Successfully updated.

# Not a target:
options.o:
#  Implicit rule search has not been done.
#  Modification time never checked.
#  File has not been updated.

clean:
#  Implicit rule search has not been done.
#  Modification time never checked.
#  File has not been updated.
#  recipe to execute (from 'Makefile', line 48):
	$(RM) $(OBJ) $(BEEB_OBJ) $(TARGET) beebScreen/*.bin

# Not a target:
alg_main.o:
#  Implicit rule search has not been done.
#  Modification time never checked.
#  File has not been updated.

beebScreen/beebCode.bin: beebScreen/beebCode.asm
#  Implicit rule search has not been done.
#  Modification time never checked.
#  File has not been updated.

# Not a target:
font.o:
#  Implicit rule search has not been done.
#  Modification time never checked.
#  File has not been updated.

# Not a target:
shipface.o:
#  Implicit rule search has not been done.
#  Modification time never checked.
#  File has not been updated.

cleanall: clean depclean
#  Implicit rule search has not been done.
#  Modification time never checked.
#  File has not been updated.

# Not a target:
space.o:
#  Implicit rule search has not been done.
#  Modification time never checked.
#  File has not been updated.

# Not a target:
docked.o:
#  Implicit rule search has not been done.
#  Modification time never checked.
#  File has not been updated.

# Not a target:
file.o:
#  Implicit rule search has not been done.
#  Modification time never checked.
#  File has not been updated.

# Not a target:
beebScreen/beebCode.asm:
#  Implicit rule search has not been done.
#  Modification time never checked.
#  File has not been updated.

beebScreen/beebCode.c: beebScreen/beebCode.bin
#  Implicit rule search has not been done.
#  Modification time never checked.
#  File has not been updated.
#  recipe to execute (from 'Makefile', line 56):
	cd beebScreen; ./mkasm.bat

# Not a target:
beebScreen/beebScreen.c:
#  Implicit rule search has not been done.
#  Modification time never checked.
#  File has not been updated.

# Not a target:
vector.o:
#  Implicit rule search has not been done.
#  Modification time never checked.
#  File has not been updated.

# Not a target:
beebScreen/beebScreen.h:
#  Implicit rule search has not been done.
#  Modification time never checked.
#  File has not been updated.

remake: clean tnk
#  Implicit rule search has not been done.
#  Modification time never checked.
#  File has not been updated.

# Not a target:
armtubeio.o:
#  Implicit rule search has not been done.
#  Modification time never checked.
#  File has not been updated.

# Not a target:
.DEFAULT:
#  Implicit rule search has not been done.
#  Modification time never checked.
#  File has not been updated.

# Not a target:
missions.o:
#  Implicit rule search has not been done.
#  Modification time never checked.
#  File has not been updated.

beebScreen/extraCode.c: beebScreen/beebCode.asm beebScreen/extraCode.bin
#  Implicit rule search has not been done.
#  Modification time never checked.
#  File has not been updated.
#  recipe to execute (from 'Makefile', line 59):
	cd beebScreen; ./mkasm.bat

# Not a target:
all:
#  Command line target.
#  Implicit rule search has been done.
#  File does not exist.
#  File has not been updated.

tnk: alg_gfx.o alg_main.o docked.o elite.o intro.o planet.o shipdata.o shipface.o sound.o space.o swat.o threed.o vector.o random.o trade.o  
options.o stars.o missions.o pilot.o file.o keyboard.o bitmap.o font.o armc-start.o armtubeio.o armtubeswis.o beebScreen/beebScreen.o
#  Implicit rule search has not been done.
#  Modification time never checked.
#  File has not been updated.
#  recipe to execute (from 'Makefile', line 39):
	$(CC) $(CFLAGS) $(LD_FLAGS) $(OBJ) $(BEEB_OBJ) $(LIB) -o $(TEMP)
	$(OBJCOPY) -O binary $(TEMP) $@
	$(RM) $(TEMP)
	$(ECHO) $(TARGET) 0000F000 0000F000 > $(TARGET).inf
	$(ECHO) $(TARGET) WR \(0\) F000 F000 > \#\#\#BBC.inf

# Not a target:
trade.o:
#  Implicit rule search has not been done.
#  Modification time never checked.
#  File has not been updated.

beebScreen/beebScreen.o: beebScreen/beebScreen.c beebScreen/beebCode.c beebScreen/beebScreen.h
#  Implicit rule search has not been done.
#  Modification time never checked.
#  File has not been updated.
#  recipe to execute (from 'Makefile', line 53):
	$(CC) $(CFLAGS) -c beebScreen/beebScreen.c -o beebScreen/beebScreen.o

main.c: beebScreen/beebCode.c beebScreen/extraCode.c
#  Implicit rule search has not been done.
#  Modification time never checked.
#  File has not been updated.

# Not a target:
elite.o:
#  Implicit rule search has not been done.
#  Modification time never checked.
#  File has not been updated.

# Not a target:
shipdata.o:
#  Implicit rule search has not been done.
#  Modification time never checked.
#  File has not been updated.

# Not a target:
keyboard.o:
#  Implicit rule search has not been done.
#  Modification time never checked.
#  File has not been updated.

# Not a target:
threed.o:
#  Implicit rule search has not been done.
#  Modification time never checked.
#  File has not been updated.

# Not a target:
pilot.o:
#  Implicit rule search has not been done.
#  Modification time never checked.
#  File has not been updated.

# Not a target:
planet.o:
#  Implicit rule search has not been done.
#  Modification time never checked.
#  File has not been updated.

# Not a target:
random.o:
#  Implicit rule search has not been done.
#  Modification time never checked.
#  File has not been updated.

# Not a target:
armtubeswis.o:
#  Implicit rule search has not been done.
#  Modification time never checked.
#  File has not been updated.

# Not a target:
bitmap.o:
#  Implicit rule search has not been done.
#  Modification time never checked.
#  File has not been updated.

beebScreen/extraCode.bin: beebScreen/beebCode.asm
#  Implicit rule search has not been done.
#  Modification time never checked.
#  File has not been updated.

# files hash-table stats:
# Load=44/1024=4%, Rehash=0, Collisions=3/101=3%
# VPATH Search Paths

# No 'vpath' search paths.

# No general ('VPATH' variable) search path.

# strcache buffers: 1 (0) / strings = 149 / storage = 1462 B / avg = 9 B
# current buf: size = 8174 B / used = 1462 B / count = 149 / avg = 9 B

# strcache performance: lookups = 206 / hit rate = 27%
# hash-table stats:
# Load=149/8192=2%, Rehash=0, Collisions=0/206=0%
# Finished Make data base on Mon Jul 12 16:07:48 2021

 
